<?xml version="1.0" encoding="UTF-8"?>
<testsuite xmlns:xsi="http://www.w3.org/2001/XMLSchema-instance" xsi:noNamespaceSchemaLocation="https://maven.apache.org/surefire/maven-surefire-plugin/xsd/surefire-test-report-3.0.xsd" version="3.0" name="dk.sdu.stud.olsve21.collision.CollisionDetectorTest" time="3.485" tests="6" errors="0" skipped="0" failures="0">
  <properties>
[...]
</properties>
  <testcase name="processTrueWithLife" classname="dk.sdu.stud.olsve21.collision.CollisionDetectorTest" time="3.269"/>
  <testcase name="collides" classname="dk.sdu.stud.olsve21.collision.CollisionDetectorTest" time="0.047"/>
  <testcase name="processTrueWithNoLife" classname="dk.sdu.stud.olsve21.collision.CollisionDetectorTest" time="0.028"/>
  <testcase name="processFalseWithLife" classname="dk.sdu.stud.olsve21.collision.CollisionDetectorTest" time="0.026"/>
  <testcase name="processSameID" classname="dk.sdu.stud.olsve21.collision.CollisionDetectorTest" time="0.017"/>
  <testcase name="processFalseWithNoLife" classname="dk.sdu.stud.olsve21.collision.CollisionDetectorTest" time="0.019"/>
</testsuite>